<?xml version="1.0" encoding="UTF-8"?>
<testng-results skipped="0" failed="0" total="1" passed="1">
  <reporter-output>
  </reporter-output>
  <suite name="Default suite" duration-ms="26234" started-at="2018-10-21T14:13:21Z" finished-at="2018-10-21T14:13:48Z">
    <groups>
    </groups>
    <test name="Default test" duration-ms="26234" started-at="2018-10-21T14:13:21Z" finished-at="2018-10-21T14:13:48Z">
      <class name="PageTests.Search">
        <test-method status="PASS" signature="runBeforClass()[pri:0, instance:PageTests.Search@353d0772]" name="runBeforClass" is-config="true" duration-ms="6877" started-at="2018-10-21T22:13:21Z" finished-at="2018-10-21T22:13:28Z">
          <reporter-output>
          </reporter-output>
        </test-method> <!-- runBeforClass -->
        <test-method status="PASS" signature="login()[pri:0, instance:PageTests.Search@353d0772]" name="login" duration-ms="19345" started-at="2018-10-21T22:13:28Z" finished-at="2018-10-21T22:13:48Z">
          <reporter-output>
          </reporter-output>
        </test-method> <!-- login -->
        <test-method status="PASS" signature="tearDown()[pri:0, instance:PageTests.Search@353d0772]" name="tearDown" is-config="true" duration-ms="0" started-at="2018-10-21T22:13:48Z" finished-at="2018-10-21T22:13:48Z">
          <reporter-output>
          </reporter-output>
        </test-method> <!-- tearDown -->
      </class> <!-- PageTests.Search -->
    </test> <!-- Default test -->
  </suite> <!-- Default suite -->
</testng-results>
